<?xml version="1.0" encoding="UTF-8"?>
<testsuite xmlns:xsi="http://www.w3.org/2001/XMLSchema-instance" xsi:noNamespaceSchemaLocation="https://maven.apache.org/surefire/maven-surefire-plugin/xsd/surefire-test-report.xsd" name="jsonplaceholder.TestRunner" time="8.476" tests="18" errors="0" skipped="0" failures="0">
  <properties>
[...]
</properties>
  <testcase name="testAll[1][1]" classname="jsonplaceholder.TestRunner" time="1.573"/>
  <testcase name="testAll[1][2]" classname="jsonplaceholder.TestRunner" time="0.019"/>
  <testcase name="testAll[1][3]" classname="jsonplaceholder.TestRunner" time="0.721"/>
  <testcase name="testAll[1][4]" classname="jsonplaceholder.TestRunner" time="0.041"/>
  <testcase name="testAll[1][5]" classname="jsonplaceholder.TestRunner" time="0.811"/>
  <testcase name="testAll[1][6]" classname="jsonplaceholder.TestRunner" time="0.523"/>
  <testcase name="testAll[2][1]" classname="jsonplaceholder.TestRunner" time="0.124"/>
  <testcase name="testAll[2][2]" classname="jsonplaceholder.TestRunner" time="0.028"/>
  <testcase name="testAll[2][3]" classname="jsonplaceholder.TestRunner" time="0.799"/>
  <testcase name="testAll[2][4]" classname="jsonplaceholder.TestRunner" time="0.82"/>
  <testcase name="testAll[2][5]" classname="jsonplaceholder.TestRunner" time="0.897"/>
  <testcase name="testAll[3][1]" classname="jsonplaceholder.TestRunner" time="0.08"/>
  <testcase name="testAll[3][2]" classname="jsonplaceholder.TestRunner" time="0.055"/>
  <testcase name="testAll[3][3]" classname="jsonplaceholder.TestRunner" time="0.034"/>
  <testcase name="testAll[3][4]" classname="jsonplaceholder.TestRunner" time="0.817"/>
  <testcase name="testAll[3][5]" classname="jsonplaceholder.TestRunner" time="0.035"/>
  <testcase name="testAll[3][6]" classname="jsonplaceholder.TestRunner" time="0.041"/>
  <testcase name="testAll[3][7]" classname="jsonplaceholder.TestRunner" time="0.321"/>
</testsuite>